<?xml version="1.0" encoding="UTF-8"?>
<testsuite name="tourGuide.TestTourGuideService" tests="7" skipped="0" failures="0" errors="0" timestamp="2023-03-23T19:19:38" hostname="DESKTOP-1E3B440" time="0.413">
  <properties/>
  <testcase name="getUserLocation" classname="tourGuide.TestTourGuideService" time="0.071"/>
  <testcase name="addUser" classname="tourGuide.TestTourGuideService" time="0.002"/>
  <testcase name="getTripDeals" classname="tourGuide.TestTourGuideService" time="0.022"/>
  <testcase name="getAllUsers" classname="tourGuide.TestTourGuideService" time="0.001"/>
  <testcase name="getCurrentUserLocation" classname="tourGuide.TestTourGuideService" time="0.098"/>
  <testcase name="trackUser" classname="tourGuide.TestTourGuideService" time="0.085"/>
  <testcase name="getNearbyAttractions" classname="tourGuide.TestTourGuideService" time="0.111"/>
  <system-out><![CDATA[20:19:38.611 [Test worker] INFO tourGuide.service.TourGuideService - TestMode enabled
20:19:38.611 [Test worker] DEBUG tourGuide.service.TourGuideService - Initializing users
20:19:38.612 [Test worker] DEBUG tourGuide.service.TourGuideService - Created 0 internal test users.
20:19:38.612 [Test worker] DEBUG tourGuide.service.TourGuideService - Finished initializing users
20:19:38.613 [pool-3-thread-1] DEBUG tourGuide.tracker.Tracker - Begin Tracker. Tracking 0 users.
20:19:38.613 [pool-3-thread-1] DEBUG tourGuide.tracker.Tracker - Tracker Time Elapsed: 0 seconds.
20:19:38.614 [pool-3-thread-1] DEBUG tourGuide.tracker.Tracker - Tracker sleeping
20:19:38.682 [Test worker] INFO tourGuide.service.TourGuideService - TestMode enabled
20:19:38.683 [Test worker] DEBUG tourGuide.service.TourGuideService - Initializing users
20:19:38.683 [Test worker] DEBUG tourGuide.service.TourGuideService - Created 0 internal test users.
20:19:38.683 [Test worker] DEBUG tourGuide.service.TourGuideService - Finished initializing users
20:19:38.704 [pool-4-thread-1] DEBUG tourGuide.tracker.Tracker - Tracker stopping
20:19:38.705 [Test worker] INFO tourGuide.service.TourGuideService - TestMode enabled
20:19:38.705 [Test worker] DEBUG tourGuide.service.TourGuideService - Initializing users
20:19:38.705 [Test worker] DEBUG tourGuide.service.TourGuideService - Created 0 internal test users.
20:19:38.705 [Test worker] DEBUG tourGuide.service.TourGuideService - Finished initializing users
20:19:38.715 [pool-5-thread-1] DEBUG tourGuide.tracker.Tracker - Begin Tracker. Tracking 0 users.
20:19:38.715 [pool-5-thread-1] DEBUG tourGuide.tracker.Tracker - Tracker Time Elapsed: 0 seconds.
20:19:38.716 [pool-5-thread-1] DEBUG tourGuide.tracker.Tracker - Tracker sleeping
20:19:38.728 [Test worker] INFO tourGuide.service.TourGuideService - TestMode enabled
20:19:38.728 [Test worker] DEBUG tourGuide.service.TourGuideService - Initializing users
20:19:38.728 [Test worker] DEBUG tourGuide.service.TourGuideService - Created 0 internal test users.
20:19:38.728 [Test worker] DEBUG tourGuide.service.TourGuideService - Finished initializing users
20:19:38.729 [Test worker] INFO tourGuide.service.TourGuideService - TestMode enabled
20:19:38.730 [Test worker] DEBUG tourGuide.service.TourGuideService - Initializing users
20:19:38.730 [Test worker] DEBUG tourGuide.service.TourGuideService - Created 2 internal test users.
20:19:38.731 [Test worker] DEBUG tourGuide.service.TourGuideService - Finished initializing users
20:19:38.783 [pool-7-thread-1] DEBUG tourGuide.tracker.Tracker - Begin Tracker. Tracking 2 users.
20:19:38.785 [pool-6-thread-1] DEBUG tourGuide.tracker.Tracker - Tracker stopping
20:19:38.828 [Test worker] INFO tourGuide.service.TourGuideService - TestMode enabled
20:19:38.828 [Test worker] DEBUG tourGuide.service.TourGuideService - Initializing users
20:19:38.828 [Test worker] DEBUG tourGuide.service.TourGuideService - Created 0 internal test users.
20:19:38.828 [Test worker] DEBUG tourGuide.service.TourGuideService - Finished initializing users
20:19:38.852 [pool-8-thread-1] DEBUG tourGuide.tracker.Tracker - Begin Tracker. Tracking 0 users.
20:19:38.853 [pool-8-thread-1] DEBUG tourGuide.tracker.Tracker - Tracker Time Elapsed: 0 seconds.
20:19:38.853 [pool-8-thread-1] DEBUG tourGuide.tracker.Tracker - Tracker sleeping
20:19:38.914 [Test worker] INFO tourGuide.service.TourGuideService - TestMode enabled
20:19:38.914 [Test worker] DEBUG tourGuide.service.TourGuideService - Initializing users
20:19:38.914 [Test worker] DEBUG tourGuide.service.TourGuideService - Created 0 internal test users.
20:19:38.914 [Test worker] DEBUG tourGuide.service.TourGuideService - Finished initializing users
20:19:38.949 [pool-9-thread-1] DEBUG tourGuide.tracker.Tracker - Begin Tracker. Tracking 0 users.
20:19:38.950 [pool-9-thread-1] DEBUG tourGuide.tracker.Tracker - Tracker Time Elapsed: 0 seconds.
20:19:38.950 [pool-9-thread-1] DEBUG tourGuide.tracker.Tracker - Tracker sleeping
]]></system-out>
  <system-err><![CDATA[]]></system-err>
</testsuite>
