<?xml version="1.0" encoding="UTF-8"?>
<testsuite name="tourGuide.TestPerformance" tests="1" skipped="0" failures="0" errors="0" timestamp="2023-01-17T11:35:25" hostname="LAPTOP-UPBU1241" time="157.31">
  <properties/>
  <testcase name="highVolumeGetRewards" classname="tourGuide.TestPerformance" time="157.31"/>
  <system-out><![CDATA[12:35:25.898 [Test worker] INFO tourGuide.service.TourGuideService - TestMode enabled
12:35:25.909 [Test worker] DEBUG tourGuide.service.TourGuideService - Initializing users
12:35:26.132 [Test worker] DEBUG tourGuide.service.TourGuideService - Created 1000 internal test users.
12:35:26.132 [Test worker] DEBUG tourGuide.service.TourGuideService - Finished initializing users
12:35:26.143 [pool-3-thread-1] DEBUG tourGuide.tracker.Tracker - Begin Tracker. Tracking 1000 users.
12:37:46.167 [pool-3-thread-1] DEBUG tourGuide.tracker.Tracker - Tracker Time Elapsed: 140 seconds.
12:37:46.168 [pool-3-thread-1] DEBUG tourGuide.tracker.Tracker - Tracker sleeping
highVolumeGetRewards: Time Elapsed: 157 seconds.
]]></system-out>
  <system-err><![CDATA[janv. 17, 2023 12:35:26 PM org.javamoney.moneta.DefaultMonetaryContextFactory createMonetaryContextNonNullConfig
INFOS: Using custom MathContext: precision=256, roundingMode=HALF_EVEN
]]></system-err>
</testsuite>
