<?xml version="1.0" encoding="UTF-8"?>
<testsuite name="tourGuide.TestPerformance" tests="1" skipped="0" failures="0" errors="0" timestamp="2023-03-16T16:28:56" hostname="DESKTOP-1E3B440" time="774.207">
  <properties/>
  <testcase name="highVolumeTrackLocation" classname="tourGuide.TestPerformance" time="774.207"/>
  <system-out><![CDATA[17:28:56.785 [Test worker] INFO tourGuide.service.TourGuideService - TestMode enabled
17:28:56.794 [Test worker] DEBUG tourGuide.service.TourGuideService - Initializing users
17:28:57.734 [Test worker] DEBUG tourGuide.service.TourGuideService - Created 100000 internal test users.
17:28:57.734 [Test worker] DEBUG tourGuide.service.TourGuideService - Finished initializing users
17:28:57.757 [pool-1-thread-1] DEBUG tourGuide.tracker.Tracker - Begin Tracker. Tracking 100000 users.
highVolumeTrackLocation: Time Elapsed: 773 seconds.
]]></system-out>
  <system-err><![CDATA[Mar 16, 2023 5:28:56 PM org.javamoney.moneta.DefaultMonetaryContextFactory createMonetaryContextNonNullConfig
INFO: Using custom MathContext: precision=256, roundingMode=HALF_EVEN
]]></system-err>
</testsuite>
