<?xml version="1.0" encoding="UTF-8"?>
<testsuite name="tourGuide.TestRewardsService" tests="1" skipped="0" failures="0" errors="0" timestamp="2023-02-03T14:56:23" hostname="DESKTOP-1E3B440" time="0.861">
  <properties/>
  <testcase name="userGetRewards" classname="tourGuide.TestRewardsService" time="0.861"/>
  <system-out><![CDATA[15:56:24.123 [Test worker] INFO tourGuide.service.TourGuideTestService - TestMode enabled
15:56:24.130 [Test worker] DEBUG tourGuide.service.TourGuideTestService - Initializing users
15:56:24.134 [Test worker] DEBUG tourGuide.service.TourGuideTestService - Created 0 internal test users.
15:56:24.134 [Test worker] DEBUG tourGuide.service.TourGuideTestService - Finished initializing users
15:56:24.149 [pool-1-thread-1] DEBUG tourGuide.tracker.Tracker - Begin Tracker. Tracking 0 users.
15:56:24.150 [pool-1-thread-1] DEBUG tourGuide.tracker.Tracker - Tracker Time Elapsed: 0 seconds.
15:56:24.151 [pool-1-thread-1] DEBUG tourGuide.tracker.Tracker - Tracker sleeping
]]></system-out>
  <system-err><![CDATA[Feb 03, 2023 3:56:24 PM org.javamoney.moneta.DefaultMonetaryContextFactory createMonetaryContextNonNullConfig
INFO: Using custom MathContext: precision=256, roundingMode=HALF_EVEN
]]></system-err>
</testsuite>
