<?xml version="1.0" encoding="UTF-8"?>
<testsuite name="tourGuide.TestRewardsService" tests="3" skipped="0" failures="0" errors="0" timestamp="2023-03-23T19:19:24" hostname="DESKTOP-1E3B440" time="13.777">
  <properties/>
  <testcase name="nearAllAttractions" classname="tourGuide.TestRewardsService" time="0.339"/>
  <testcase name="userGetRewards" classname="tourGuide.TestRewardsService" time="13.427"/>
  <testcase name="isWithinAttractionProximity" classname="tourGuide.TestRewardsService" time="0.011"/>
  <system-out><![CDATA[20:19:24.984 [Test worker] INFO tourGuide.service.TourGuideService - TestMode enabled
20:19:24.994 [Test worker] DEBUG tourGuide.service.TourGuideService - Initializing users
20:19:25.114 [Test worker] DEBUG tourGuide.service.TourGuideService - Created 1 internal test users.
20:19:25.114 [Test worker] DEBUG tourGuide.service.TourGuideService - Finished initializing users
20:19:25.123 [pool-1-thread-1] DEBUG tourGuide.tracker.Tracker - Begin Tracker. Tracking 1 users.
20:19:25.169 [Test worker] INFO tourGuide.service.TourGuideService - TestMode enabled
20:19:25.169 [Test worker] DEBUG tourGuide.service.TourGuideService - Initializing users
20:19:25.170 [Test worker] DEBUG tourGuide.service.TourGuideService - Created 0 internal test users.
20:19:25.170 [Test worker] DEBUG tourGuide.service.TourGuideService - Finished initializing users
20:19:25.170 [pool-2-thread-1] DEBUG tourGuide.tracker.Tracker - Begin Tracker. Tracking 0 users.
20:19:25.170 [pool-2-thread-1] DEBUG tourGuide.tracker.Tracker - Tracker Time Elapsed: 0 seconds.
20:19:25.170 [pool-2-thread-1] DEBUG tourGuide.tracker.Tracker - Tracker sleeping
]]></system-out>
  <system-err><![CDATA[Mar 23, 2023 8:19:25 PM org.javamoney.moneta.DefaultMonetaryContextFactory createMonetaryContextNonNullConfig
INFO: Using custom MathContext: precision=256, roundingMode=HALF_EVEN
]]></system-err>
</testsuite>
